<?xml version="1.0" encoding="UTF-8"?>
<!-- Generated by org.testng.reporters.JUnitReportReporter -->
<testsuite hostname="NU14A1" failures="0" tests="1" name="test.Searchtest" time="34.135" errors="0" timestamp="2023-06-25T10:32:46 IST" skipped="0">
  <testcase classname="test.Searchtest" name="test" time="34.135"/>
  <system-out/>
</testsuite> <!-- test.Searchtest -->
