<?xml version="1.0" encoding="UTF-8"?>
<!-- Generated by org.testng.reporters.JUnitReportReporter -->
<testsuite hostname="NU14A1" failures="0" tests="1" name="test.Hometest" time="0.488" errors="0" timestamp="2023-06-22T12:29:17 IST" skipped="0">
  <testcase classname="test.Hometest" name="first" time="0.488"/>
  <system-out/>
</testsuite> <!-- test.Hometest -->
