<?xml version="1.0" encoding="UTF-8"?>
<!-- Generated by org.testng.reporters.JUnitReportReporter -->
<testsuite hostname="NU14A1" failures="0" tests="1" name="test.Savetest" time="16.309" errors="0" timestamp="2023-06-25T11:11:26 IST" skipped="0">
  <testcase classname="test.Savetest" name="test" time="16.309"/>
  <system-out/>
</testsuite> <!-- test.Savetest -->
