<?xml version="1.0" encoding="UTF-8"?>
<!-- Generated by org.testng.reporters.JUnitReportReporter -->
<testsuite hostname="NU14A1" failures="0" tests="1" name="test.Locationtest" time="1.217" errors="0" timestamp="2023-06-22T12:56:43 IST" skipped="0">
  <testcase classname="test.Locationtest" name="test" time="1.217"/>
  <system-out/>
</testsuite> <!-- test.Locationtest -->
