<?xml version="1.0" encoding="UTF-8"?>
<!-- Generated by org.testng.reporters.JUnitReportReporter -->
<testsuite hostname="NU14A1" failures="0" tests="1" name="test.Useractivationtest" time="12.183" errors="0" timestamp="2023-06-22T12:19:26 IST" skipped="0">
  <testcase classname="test.Useractivationtest" name="user_activation" time="12.183"/>
  <system-out/>
</testsuite> <!-- test.Useractivationtest -->
