<?xml version="1.0" encoding="UTF-8"?>
<!-- Generated by org.testng.reporters.JUnitReportReporter -->
<testsuite hostname="NU14A1" failures="0" tests="1" name="test.Signintest" time="11.177" errors="0" timestamp="2023-06-19T19:09:17 IST" skipped="0">
  <testcase classname="test.Signintest" name="home" time="11.177"/>
  <system-out/>
</testsuite> <!-- test.Signintest -->
